# JRE version: Java(TM) SE Runtime Environment (9.0+11) (build 9.0.4+11)
# Java VM: Java HotSpot(TM) 64-Bit Server VM (9.0.4+11, mixed mode, tiered, compressed oops, g1 gc, windows-amd64)
Heap:
 garbage-first heap   total 412672K, used 148078K [0x0000000700000000, 0x0000000700100c98, 0x00000007c0000000)
  region size 1024K, 3 young (3072K), 1 survivors (1024K)
 Metaspace       used 92608K, capacity 94387K, committed 103424K, reserved 1138688K
  class space    used 12532K, capacity 12945K, committed 14848K, reserved 1048576K
GC Heap History (10 events):
Event: 5799.157 GC heap before
{Heap before GC invocations=1685 (full 351):
 garbage-first heap   total 412672K, used 158642K [0x0000000700000000, 0x0000000700100c98, 0x00000007c0000000)
  region size 1024K, 11 young (11264K), 1 survivors (1024K)
 Metaspace       used 92607K, capacity 94387K, committed 103424K, reserved 1138688K
  class space    used 12532K, capacity 12945K, committed 14848K, reserved 1048576K
}
Event: 5799.406 GC heap after
{Heap after GC invocations=1686 (full 352):
 garbage-first heap   total 412672K, used 146397K [0x0000000700000000, 0x0000000700100c98, 0x00000007c0000000)
  region size 1024K, 0 young (0K), 0 survivors (0K)
 Metaspace       used 92607K, capacity 94387K, committed 103424K, reserved 1138688K
  class space    used 12532K, capacity 12945K, committed 14848K, reserved 1048576K
}
Event: 5799.837 GC heap before
{Heap before GC invocations=1686 (full 352):
 garbage-first heap   total 412672K, used 207837K [0x0000000700000000, 0x0000000700100c98, 0x00000007c0000000)
  region size 1024K, 60 young (61440K), 0 survivors (0K)
 Metaspace       used 92607K, capacity 94387K, committed 103424K, reserved 1138688K
  class space    used 12532K, capacity 12945K, committed 14848K, reserved 1048576K
}
Event: 5799.839 GC heap after
{Heap after GC invocations=1687 (full 352):
 garbage-first heap   total 412672K, used 146786K [0x0000000700000000, 0x0000000700100c98, 0x00000007c0000000)
  region size 1024K, 1 young (1024K), 1 survivors (1024K)
 Metaspace       used 92607K, capacity 94387K, committed 103424K, reserved 1138688K
  class space    used 12532K, capacity 12945K, committed 14848K, reserved 1048576K
}
Event: 5802.754 GC heap before
{Heap before GC invocations=1687 (full 352):
 garbage-first heap   total 412672K, used 207202K [0x0000000700000000, 0x0000000700100c98, 0x00000007c0000000)
  region size 1024K, 60 young (61440K), 1 survivors (1024K)
 Metaspace       used 92608K, capacity 94387K, committed 103424K, reserved 1138688K
  class space    used 12532K, capacity 12945K, committed 14848K, reserved 1048576K
}
Event: 5802.756 GC heap after
{Heap after GC invocations=1688 (full 352):
 garbage-first heap   total 412672K, used 146865K [0x0000000700000000, 0x0000000700100c98, 0x00000007c0000000)
  region size 1024K, 1 young (1024K), 1 survivors (1024K)
 Metaspace       used 92608K, capacity 94387K, committed 103424K, reserved 1138688K
  class space    used 12532K, capacity 12945K, committed 14848K, reserved 1048576K
}
Event: 5803.803 GC heap before
{Heap before GC invocations=1688 (full 352):
 garbage-first heap   total 412672K, used 207281K [0x0000000700000000, 0x0000000700100c98, 0x00000007c0000000)
  region size 1024K, 60 young (61440K), 1 survivors (1024K)
 Metaspace       used 92608K, capacity 94387K, committed 103424K, reserved 1138688K
  class space    used 12532K, capacity 12945K, committed 14848K, reserved 1048576K
}
Event: 5803.804 GC heap after
{Heap after GC invocations=1689 (full 352):
 garbage-first heap   total 412672K, used 146884K [0x0000000700000000, 0x0000000700100c98, 0x00000007c0000000)
  region size 1024K, 1 young (1024K), 1 survivors (1024K)
 Metaspace       used 92608K, capacity 94387K, committed 103424K, reserved 1138688K
  class space    used 12532K, capacity 12945K, committed 14848K, reserved 1048576K
}
Event: 5805.366 GC heap before
{Heap before GC invocations=1689 (full 352):
 garbage-first heap   total 412672K, used 207300K [0x0000000700000000, 0x0000000700100c98, 0x00000007c0000000)
  region size 1024K, 60 young (61440K), 1 survivors (1024K)
 Metaspace       used 92608K, capacity 94387K, committed 103424K, reserved 1138688K
  class space    used 12532K, capacity 12945K, committed 14848K, reserved 1048576K
}
Event: 5805.368 GC heap after
{Heap after GC invocations=1690 (full 352):
 garbage-first heap   total 412672K, used 147054K [0x0000000700000000, 0x0000000700100c98, 0x00000007c0000000)
  region size 1024K, 1 young (1024K), 1 survivors (1024K)
 Metaspace       used 92608K, capacity 94387K, committed 103424K, reserved 1138688K
  class space    used 12532K, capacity 12945K, committed 14848K, reserved 1048576K
}

