# JRE version: Java(TM) SE Runtime Environment (9.0+11) (build 9.0.4+11)
# Java VM: Java HotSpot(TM) 64-Bit Server VM (9.0.4+11, mixed mode, tiered, compressed oops, g1 gc, windows-amd64)
Heap:
 garbage-first heap   total 311296K, used 149436K [0x0000000700000000, 0x0000000700100980, 0x00000007c0000000)
  region size 1024K, 39 young (39936K), 1 survivors (1024K)
 Metaspace       used 91053K, capacity 92907K, committed 101888K, reserved 1136640K
  class space    used 12503K, capacity 12919K, committed 14848K, reserved 1048576K
GC Heap History (10 events):
Event: 4824.299 GC heap before
{Heap before GC invocations=1059 (full 368):
 garbage-first heap   total 311296K, used 171813K [0x0000000700000000, 0x0000000700100980, 0x00000007c0000000)
  region size 1024K, 60 young (61440K), 1 survivors (1024K)
 Metaspace       used 91045K, capacity 92843K, committed 101888K, reserved 1136640K
  class space    used 12503K, capacity 12919K, committed 14848K, reserved 1048576K
}
Event: 4824.300 GC heap after
{Heap after GC invocations=1060 (full 368):
 garbage-first heap   total 311296K, used 111330K [0x0000000700000000, 0x0000000700100980, 0x00000007c0000000)
  region size 1024K, 1 young (1024K), 1 survivors (1024K)
 Metaspace       used 91045K, capacity 92843K, committed 101888K, reserved 1136640K
  class space    used 12503K, capacity 12919K, committed 14848K, reserved 1048576K
}
Event: 4824.338 GC heap before
{Heap before GC invocations=1060 (full 368):
 garbage-first heap   total 311296K, used 124642K [0x0000000700000000, 0x0000000700100980, 0x00000007c0000000)
  region size 1024K, 15 young (15360K), 1 survivors (1024K)
 Metaspace       used 91045K, capacity 92843K, committed 101888K, reserved 1136640K
  class space    used 12503K, capacity 12919K, committed 14848K, reserved 1048576K
}
Event: 4824.339 GC heap after
{Heap after GC invocations=1061 (full 368):
 garbage-first heap   total 311296K, used 111203K [0x0000000700000000, 0x0000000700100980, 0x00000007c0000000)
  region size 1024K, 1 young (1024K), 1 survivors (1024K)
 Metaspace       used 91045K, capacity 92843K, committed 101888K, reserved 1136640K
  class space    used 12503K, capacity 12919K, committed 14848K, reserved 1048576K
}
Event: 4824.675 GC heap before
{Heap before GC invocations=1061 (full 368):
 garbage-first heap   total 311296K, used 171619K [0x0000000700000000, 0x0000000700100980, 0x00000007c0000000)
  region size 1024K, 60 young (61440K), 1 survivors (1024K)
 Metaspace       used 91045K, capacity 92843K, committed 101888K, reserved 1136640K
  class space    used 12503K, capacity 12919K, committed 14848K, reserved 1048576K
}
Event: 4824.676 GC heap after
{Heap after GC invocations=1062 (full 368):
 garbage-first heap   total 311296K, used 111402K [0x0000000700000000, 0x0000000700100980, 0x00000007c0000000)
  region size 1024K, 1 young (1024K), 1 survivors (1024K)
 Metaspace       used 91045K, capacity 92843K, committed 101888K, reserved 1136640K
  class space    used 12503K, capacity 12919K, committed 14848K, reserved 1048576K
}
Event: 4828.683 GC heap before
{Heap before GC invocations=1062 (full 368):
 garbage-first heap   total 311296K, used 171818K [0x0000000700000000, 0x0000000700100980, 0x00000007c0000000)
  region size 1024K, 60 young (61440K), 1 survivors (1024K)
 Metaspace       used 91045K, capacity 92843K, committed 101888K, reserved 1136640K
  class space    used 12503K, capacity 12919K, committed 14848K, reserved 1048576K
}
Event: 4828.685 GC heap after
{Heap after GC invocations=1063 (full 368):
 garbage-first heap   total 311296K, used 111541K [0x0000000700000000, 0x0000000700100980, 0x00000007c0000000)
  region size 1024K, 1 young (1024K), 1 survivors (1024K)
 Metaspace       used 91045K, capacity 92843K, committed 101888K, reserved 1136640K
  class space    used 12503K, capacity 12919K, committed 14848K, reserved 1048576K
}
Event: 4829.585 GC heap before
{Heap before GC invocations=1063 (full 368):
 garbage-first heap   total 311296K, used 171957K [0x0000000700000000, 0x0000000700100980, 0x00000007c0000000)
  region size 1024K, 60 young (61440K), 1 survivors (1024K)
 Metaspace       used 91045K, capacity 92843K, committed 101888K, reserved 1136640K
  class space    used 12503K, capacity 12919K, committed 14848K, reserved 1048576K
}
Event: 4829.586 GC heap after
{Heap after GC invocations=1064 (full 368):
 garbage-first heap   total 311296K, used 111548K [0x0000000700000000, 0x0000000700100980, 0x00000007c0000000)
  region size 1024K, 1 young (1024K), 1 survivors (1024K)
 Metaspace       used 91045K, capacity 92843K, committed 101888K, reserved 1136640K
  class space    used 12503K, capacity 12919K, committed 14848K, reserved 1048576K
}

